<?xml version="1.0" encoding="UTF-8"?>
<testsuites>
  <testsuite name="My Login application" timestamp="2022-10-05T15:54:26" time="14.741" tests="1" failures="0" errors="0" skipped="0">
    <properties>
      <property name="specId" value="0"/>
      <property name="suiteName" value="My Login application"/>
      <property name="capabilities" value="chrome.106_0_5249_91.windows"/>
      <property name="file" value=".\test\specs\example.e2e.js"/>
    </properties>
    <testcase classname="chrome.106_0_5249_91.windows.My_Login_application" name="should login with valid credentials" time="14.74">
      <system-out><![CDATA[
COMMAND: POST /session/e138792fc4711a4423c4399a91647c3e/url - {"url":"https://the-internet.herokuapp.com/login"}
RESULT: {"url":"https://the-internet.herokuapp.com/login"}
COMMAND: POST /session/e138792fc4711a4423c4399a91647c3e/element - {"using":"css selector","value":"#username"}
RESULT: {"using":"css selector","value":"#username"}
COMMAND: POST /session/e138792fc4711a4423c4399a91647c3e/element/d78a0e5c-75c4-4eb4-ba8a-ca58a8902181/clear - {}
RESULT: {}
COMMAND: POST /session/e138792fc4711a4423c4399a91647c3e/element/d78a0e5c-75c4-4eb4-ba8a-ca58a8902181/value - {"text":"tomsmith"}
RESULT: {"text":"tomsmith"}
COMMAND: POST /session/e138792fc4711a4423c4399a91647c3e/element - {"using":"css selector","value":"#password"}
RESULT: {"using":"css selector","value":"#password"}
COMMAND: POST /session/e138792fc4711a4423c4399a91647c3e/element/746cfb38-6c8e-4297-abf8-694733519178/clear - {}
RESULT: {}
COMMAND: POST /session/e138792fc4711a4423c4399a91647c3e/element/746cfb38-6c8e-4297-abf8-694733519178/value - {"text":"SuperSecretPassword!"}
RESULT: {"text":"SuperSecretPassword!"}
COMMAND: POST /session/e138792fc4711a4423c4399a91647c3e/element - {"using":"css selector","value":"button[type=\"submit\"]"}
RESULT: {"using":"css selector","value":"button[type=\"submit\"]"}
COMMAND: POST /session/e138792fc4711a4423c4399a91647c3e/element/fbf34ba6-9653-43d9-8f2f-aa649937b30c/click - {}
RESULT: {}
COMMAND: POST /session/e138792fc4711a4423c4399a91647c3e/element - {"using":"css selector","value":"#flash"}
RESULT: {"using":"css selector","value":"#flash"}
COMMAND: POST /session/e138792fc4711a4423c4399a91647c3e/elements - {"using":"css selector","value":"#flash"}
RESULT: {"using":"css selector","value":"#flash"}
COMMAND: POST /session/e138792fc4711a4423c4399a91647c3e/element - {"using":"css selector","value":"#flash"}
RESULT: {"using":"css selector","value":"#flash"}
COMMAND: GET /session/e138792fc4711a4423c4399a91647c3e/element/ff8493f8-6566-4eea-86f7-f8914dcfdc2f/text - {}
RESULT: {}
COMMAND: DELETE /session/e138792fc4711a4423c4399a91647c3e - {}
RESULT: {}
]]></system-out>
    </testcase>
  </testsuite>
</testsuites>